<?xml version="1.0" encoding="UTF-8"?>
<testng-results skipped="0" failed="0" ignored="0" total="1" passed="1">
  <reporter-output>
  </reporter-output>
  <suite name="Suite One" duration-ms="27577" started-at="2018-11-17T03:55:35Z" finished-at="2018-11-17T03:56:03Z">
    <groups>
    </groups>
    <test name="Test One" duration-ms="27577" started-at="2018-11-17T03:55:35Z" finished-at="2018-11-17T03:56:03Z">
      <class name="toolsqa.ToolsQA.TestNGExample">
        <test-method status="PASS" signature="openbrowser()[pri:0, instance:toolsqa.ToolsQA.TestNGExample@5e5792a0]" name="openbrowser" is-config="true" duration-ms="25663" started-at="2018-11-17T03:55:35Z" finished-at="2018-11-17T03:56:01Z">
          <reporter-output>
          </reporter-output>
        </test-method> <!-- openbrowser -->
        <test-method status="PASS" signature="testmethodone()[pri:0, instance:toolsqa.ToolsQA.TestNGExample@5e5792a0]" name="testmethodone" duration-ms="85" started-at="2018-11-17T03:56:01Z" finished-at="2018-11-17T03:56:01Z">
          <reporter-output>
          </reporter-output>
        </test-method> <!-- testmethodone -->
        <test-method status="PASS" signature="closebrowser()[pri:0, instance:toolsqa.ToolsQA.TestNGExample@5e5792a0]" name="closebrowser" is-config="true" duration-ms="1748" started-at="2018-11-17T03:56:01Z" finished-at="2018-11-17T03:56:03Z">
          <reporter-output>
          </reporter-output>
        </test-method> <!-- closebrowser -->
      </class> <!-- toolsqa.ToolsQA.TestNGExample -->
    </test> <!-- Test One -->
  </suite> <!-- Suite One -->
</testng-results>
