<?xml version="1.0" encoding="UTF-8"?>
<testng-results skipped="0" failed="0" ignored="0" total="1" passed="1">
  <reporter-output>
  </reporter-output>
  <suite name="Default suite" duration-ms="14578" started-at="2018-11-17T05:42:38Z" finished-at="2018-11-17T05:42:53Z">
    <groups>
    </groups>
    <test name="Default test" duration-ms="14578" started-at="2018-11-17T05:42:38Z" finished-at="2018-11-17T05:42:53Z">
      <class name="seleniumEasy.SelEasyMTNGGIT.TestNGExample">
        <test-method status="PASS" signature="openbrowser()[pri:0, instance:seleniumEasy.SelEasyMTNGGIT.TestNGExample@26653222]" name="openbrowser" is-config="true" duration-ms="13276" started-at="2018-11-17T05:42:38Z" finished-at="2018-11-17T05:42:52Z">
          <reporter-output>
          </reporter-output>
        </test-method> <!-- openbrowser -->
        <test-method status="PASS" signature="testmethodone()[pri:0, instance:seleniumEasy.SelEasyMTNGGIT.TestNGExample@26653222]" name="testmethodone" duration-ms="25" started-at="2018-11-17T05:42:52Z" finished-at="2018-11-17T05:42:52Z">
          <reporter-output>
          </reporter-output>
        </test-method> <!-- testmethodone -->
        <test-method status="PASS" signature="closebrowser()[pri:0, instance:seleniumEasy.SelEasyMTNGGIT.TestNGExample@26653222]" name="closebrowser" is-config="true" duration-ms="1240" started-at="2018-11-17T05:42:52Z" finished-at="2018-11-17T05:42:53Z">
          <reporter-output>
          </reporter-output>
        </test-method> <!-- closebrowser -->
      </class> <!-- seleniumEasy.SelEasyMTNGGIT.TestNGExample -->
    </test> <!-- Default test -->
  </suite> <!-- Default suite -->
</testng-results>
